  [1m[35m (676.6ms)[0m  [1m[35mCREATE DATABASE "auction_ajax_development" ENCODING = 'unicode'[0m
  ↳ bin/rails:9
  [1m[35m (475.0ms)[0m  [1m[35mCREATE DATABASE "auction_ajax_test" ENCODING = 'unicode'[0m
  ↳ bin/rails:9
  [1m[35m (16.6ms)[0m  [1m[35mCREATE TABLE "schema_migrations" ("version" character varying NOT NULL PRIMARY KEY)[0m
  ↳ bin/rails:9
  [1m[35m (86.9ms)[0m  [1m[35mCREATE TABLE "ar_internal_metadata" ("key" character varying NOT NULL PRIMARY KEY, "value" character varying, "created_at" timestamp NOT NULL, "updated_at" timestamp NOT NULL)[0m
  ↳ bin/rails:9
  [1m[35m (0.8ms)[0m  [1m[34mSELECT pg_try_advisory_lock(460066688806753245)[0m
  ↳ bin/rails:9
  [1m[35m (1.0ms)[0m  [1m[34mSELECT "schema_migrations"."version" FROM "schema_migrations" ORDER BY "schema_migrations"."version" ASC[0m
  ↳ bin/rails:9
Migrating to CreateBids (20180525193726)
  [1m[35m (0.2ms)[0m  [1m[35mBEGIN[0m
  ↳ bin/rails:9
  [1m[35m (54.8ms)[0m  [1m[35mCREATE TABLE "bids" ("id" bigserial primary key, "item_id" integer, "amount" decimal, "created_at" timestamp NOT NULL, "updated_at" timestamp NOT NULL)[0m
  ↳ db/migrate/20180525193726_create_bids.rb:3
  [1m[36mActiveRecord::SchemaMigration Create (0.8ms)[0m  [1m[32mINSERT INTO "schema_migrations" ("version") VALUES ($1) RETURNING "version"[0m  [["version", "20180525193726"]]
  ↳ bin/rails:9
  [1m[35m (0.4ms)[0m  [1m[35mCOMMIT[0m
  ↳ bin/rails:9
  [1m[36mActiveRecord::InternalMetadata Load (0.3ms)[0m  [1m[34mSELECT  "ar_internal_metadata".* FROM "ar_internal_metadata" WHERE "ar_internal_metadata"."key" = $1 LIMIT $2[0m  [["key", "environment"], ["LIMIT", 1]]
  ↳ bin/rails:9
  [1m[35m (0.2ms)[0m  [1m[35mBEGIN[0m
  ↳ bin/rails:9
  [1m[36mActiveRecord::InternalMetadata Create (18.0ms)[0m  [1m[32mINSERT INTO "ar_internal_metadata" ("key", "value", "created_at", "updated_at") VALUES ($1, $2, $3, $4) RETURNING "key"[0m  [["key", "environment"], ["value", "development"], ["created_at", "2018-05-25 19:39:27.075955"], ["updated_at", "2018-05-25 19:39:27.075955"]]
  ↳ bin/rails:9
  [1m[35m (0.4ms)[0m  [1m[35mCOMMIT[0m
  ↳ bin/rails:9
  [1m[35m (0.3ms)[0m  [1m[34mSELECT pg_advisory_unlock(460066688806753245)[0m
  ↳ bin/rails:9
  [1m[35m (0.5ms)[0m  [1m[34mSELECT "schema_migrations"."version" FROM "schema_migrations" ORDER BY "schema_migrations"."version" ASC[0m
  ↳ bin/rails:9
  [1m[35m (0.3ms)[0m  [1m[34mSELECT pg_try_advisory_lock(460066688806753245)[0m
  ↳ bin/rails:9
  [1m[35m (0.7ms)[0m  [1m[34mSELECT "schema_migrations"."version" FROM "schema_migrations" ORDER BY "schema_migrations"."version" ASC[0m
  ↳ bin/rails:9
Migrating to CreateItems (20180525193958)
  [1m[35m (0.2ms)[0m  [1m[35mBEGIN[0m
  ↳ bin/rails:9
  [1m[35m (34.7ms)[0m  [1m[35mCREATE TABLE "items" ("id" bigserial primary key, "title" character varying, "artist" character varying, "description" text, "starting_bid" decimal, "image_url" character varying, "created_at" timestamp NOT NULL, "updated_at" timestamp NOT NULL)[0m
  ↳ db/migrate/20180525193958_create_items.rb:3
  [1m[36mActiveRecord::SchemaMigration Create (0.4ms)[0m  [1m[32mINSERT INTO "schema_migrations" ("version") VALUES ($1) RETURNING "version"[0m  [["version", "20180525193958"]]
  ↳ bin/rails:9
  [1m[35m (0.4ms)[0m  [1m[35mCOMMIT[0m
  ↳ bin/rails:9
  [1m[36mActiveRecord::InternalMetadata Load (41.2ms)[0m  [1m[34mSELECT  "ar_internal_metadata".* FROM "ar_internal_metadata" WHERE "ar_internal_metadata"."key" = $1 LIMIT $2[0m  [["key", "environment"], ["LIMIT", 1]]
  ↳ bin/rails:9
  [1m[35m (0.2ms)[0m  [1m[35mBEGIN[0m
  ↳ bin/rails:9
  [1m[35m (0.1ms)[0m  [1m[35mCOMMIT[0m
  ↳ bin/rails:9
  [1m[35m (0.2ms)[0m  [1m[34mSELECT pg_advisory_unlock(460066688806753245)[0m
  ↳ bin/rails:9
  [1m[35m (0.2ms)[0m  [1m[34mSELECT "schema_migrations"."version" FROM "schema_migrations" ORDER BY "schema_migrations"."version" ASC[0m
  ↳ bin/rails:9
  [1m[35m (0.6ms)[0m  [1m[34mSELECT "schema_migrations"."version" FROM "schema_migrations" ORDER BY "schema_migrations"."version" ASC[0m
  ↳ bin/rails:9
  [1m[35m (0.2ms)[0m  [1m[35mBEGIN[0m
  ↳ db/seeds.rb:48
  [1m[36mItem Create (42.0ms)[0m  [1m[32mINSERT INTO "items" ("title", "artist", "description", "starting_bid", "image_url", "created_at", "updated_at") VALUES ($1, $2, $3, $4, $5, $6, $7) RETURNING "id"[0m  [["title", "Fuji from Inume Pass"], ["artist", "Katsushika Hokusai"], ["description", "Polychrome woodblock print; ink and color on paper"], ["starting_bid", "5000.0"], ["image_url", "https://images.metmuseum.org/CRDImages/as/web-large/DP141029.jpg"], ["created_at", "2018-05-25 19:41:51.383602"], ["updated_at", "2018-05-25 19:41:51.383602"]]
  ↳ db/seeds.rb:48
  [1m[35m (1.4ms)[0m  [1m[35mCOMMIT[0m
  ↳ db/seeds.rb:48
  [1m[35m (0.2ms)[0m  [1m[35mBEGIN[0m
  ↳ db/seeds.rb:48
  [1m[36mItem Create (0.5ms)[0m  [1m[32mINSERT INTO "items" ("title", "artist", "description", "starting_bid", "image_url", "created_at", "updated_at") VALUES ($1, $2, $3, $4, $5, $6, $7) RETURNING "id"[0m  [["title", "Lady at the Tea Table"], ["artist", "Mary Cassatt"], ["description", "Oil on canvas"], ["starting_bid", "15000.0"], ["image_url", "https://images.metmuseum.org/CRDImages/ap/web-large/DT516.jpg"], ["created_at", "2018-05-25 19:41:51.430277"], ["updated_at", "2018-05-25 19:41:51.430277"]]
  ↳ db/seeds.rb:48
  [1m[35m (0.3ms)[0m  [1m[35mCOMMIT[0m
  ↳ db/seeds.rb:48
  [1m[35m (0.1ms)[0m  [1m[35mBEGIN[0m
  ↳ db/seeds.rb:48
  [1m[36mItem Create (0.3ms)[0m  [1m[32mINSERT INTO "items" ("title", "artist", "description", "starting_bid", "image_url", "created_at", "updated_at") VALUES ($1, $2, $3, $4, $5, $6, $7) RETURNING "id"[0m  [["title", "Rue Eugène Moussoir at Moret: Winter"], ["artist", "Alfred Sisley"], ["description", "Oil on canvas"], ["starting_bid", "8000.0"], ["image_url", "https://images.metmuseum.org/CRDImages/ep/web-large/DT1907.jpg"], ["created_at", "2018-05-25 19:41:51.433177"], ["updated_at", "2018-05-25 19:41:51.433177"]]
  ↳ db/seeds.rb:48
  [1m[35m (0.3ms)[0m  [1m[35mCOMMIT[0m
  ↳ db/seeds.rb:48
  [1m[35m (0.1ms)[0m  [1m[35mBEGIN[0m
  ↳ db/seeds.rb:48
  [1m[36mItem Create (0.3ms)[0m  [1m[32mINSERT INTO "items" ("title", "artist", "description", "starting_bid", "image_url", "created_at", "updated_at") VALUES ($1, $2, $3, $4, $5, $6, $7) RETURNING "id"[0m  [["title", "Colombian Masked Figure Pendant"], ["artist", ""], ["description", "Gold"], ["starting_bid", "22000.0"], ["image_url", "https://images.metmuseum.org/CRDImages/ao/web-large/DP160743.jpg"], ["created_at", "2018-05-25 19:41:51.435549"], ["updated_at", "2018-05-25 19:41:51.435549"]]
  ↳ db/seeds.rb:48
  [1m[35m (0.5ms)[0m  [1m[35mCOMMIT[0m
  ↳ db/seeds.rb:48
  [1m[35m (0.1ms)[0m  [1m[35mBEGIN[0m
  ↳ db/seeds.rb:48
  [1m[36mItem Create (0.3ms)[0m  [1m[32mINSERT INTO "items" ("title", "artist", "description", "starting_bid", "image_url", "created_at", "updated_at") VALUES ($1, $2, $3, $4, $5, $6, $7) RETURNING "id"[0m  [["title", "Southern Gardens"], ["artist", "Paul Klee"], ["description", "Watercolor and ink on paper mounted on cardboard"], ["starting_bid", "71400.0"], ["image_url", "https://images.metmuseum.org/CRDImages/ma/web-large/DT229524.jpg"], ["created_at", "2018-05-25 19:41:51.438258"], ["updated_at", "2018-05-25 19:41:51.438258"]]
  ↳ db/seeds.rb:48
  [1m[35m (0.4ms)[0m  [1m[35mCOMMIT[0m
  ↳ db/seeds.rb:48
  [1m[36mItem Load (0.4ms)[0m  [1m[34mSELECT  "items".* FROM "items" LIMIT $1[0m  [["LIMIT", 11]]
  [1m[35m (3.3ms)[0m  [1m[34mSELECT COUNT(*) FROM "items"[0m
Started GET "/items/1" for 127.0.0.1 at 2018-05-25 16:50:29 -0400
  [1m[35m (1.7ms)[0m  [1m[34mSELECT "schema_migrations"."version" FROM "schema_migrations" ORDER BY "schema_migrations"."version" ASC[0m
  ↳ /Users/amygori/.rbenv/versions/2.5.0/lib/ruby/gems/2.5.0/gems/activerecord-5.2.0/lib/active_record/log_subscriber.rb:98
Processing by ItemsController#show as HTML
  Parameters: {"id"=>"1"}
  Rendering items/show.html.erb within layouts/application
  Rendered items/show.html.erb within layouts/application (26.0ms)
Completed 500 Internal Server Error in 74ms (ActiveRecord: 0.0ms)


  
ActionView::Template::Error (undefined method `title' for nil:NilClass):
     7: <% end %>
     8: 
     9: <h1>
    10:   <%= @item.title %>
    11: </h1>
    12: <div>
    13:   <%= image_tag @item.image_url %>
  
app/views/items/show.html.erb:10:in `_app_views_items_show_html_erb__675682185956582693_70219603996900'
  [1m[35m (1.6ms)[0m  [1m[35mCREATE DATABASE "auction_ajax_development" ENCODING = 'unicode'[0m
  ↳ bin/rails:9
  [1m[35m (0.6ms)[0m  [1m[35mCREATE DATABASE "auction_ajax_test" ENCODING = 'unicode'[0m
  ↳ bin/rails:9
  [1m[35m (0.2ms)[0m  [1m[34mSELECT pg_try_advisory_lock(460066688806753245)[0m
  ↳ bin/rails:9
  [1m[35m (0.7ms)[0m  [1m[34mSELECT "schema_migrations"."version" FROM "schema_migrations" ORDER BY "schema_migrations"."version" ASC[0m
  ↳ bin/rails:9
  [1m[36mActiveRecord::InternalMetadata Load (41.3ms)[0m  [1m[34mSELECT  "ar_internal_metadata".* FROM "ar_internal_metadata" WHERE "ar_internal_metadata"."key" = $1 LIMIT $2[0m  [["key", "environment"], ["LIMIT", 1]]
  ↳ bin/rails:9
  [1m[35m (0.2ms)[0m  [1m[35mBEGIN[0m
  ↳ bin/rails:9
  [1m[35m (0.1ms)[0m  [1m[35mCOMMIT[0m
  ↳ bin/rails:9
  [1m[35m (0.2ms)[0m  [1m[34mSELECT pg_advisory_unlock(460066688806753245)[0m
  ↳ bin/rails:9
  [1m[35m (0.2ms)[0m  [1m[34mSELECT "schema_migrations"."version" FROM "schema_migrations" ORDER BY "schema_migrations"."version" ASC[0m
  ↳ bin/rails:9
  [1m[35m (0.2ms)[0m  [1m[34mSELECT "schema_migrations"."version" FROM "schema_migrations" ORDER BY "schema_migrations"."version" ASC[0m
  ↳ bin/rails:9
  [1m[35m (0.2ms)[0m  [1m[35mBEGIN[0m
  ↳ db/seeds.rb:48
  [1m[36mItem Create (41.2ms)[0m  [1m[32mINSERT INTO "items" ("title", "artist", "description", "starting_bid", "image_url", "created_at", "updated_at") VALUES ($1, $2, $3, $4, $5, $6, $7) RETURNING "id"[0m  [["title", "Fuji from Inume Pass"], ["artist", "Katsushika Hokusai"], ["description", "Polychrome woodblock print; ink and color on paper"], ["starting_bid", "5000.0"], ["image_url", "https://images.metmuseum.org/CRDImages/as/web-large/DP141029.jpg"], ["created_at", "2018-05-25 20:50:56.169099"], ["updated_at", "2018-05-25 20:50:56.169099"]]
  ↳ db/seeds.rb:48
  [1m[35m (2.4ms)[0m  [1m[35mCOMMIT[0m
  ↳ db/seeds.rb:48
  [1m[35m (0.2ms)[0m  [1m[35mBEGIN[0m
  ↳ db/seeds.rb:48
  [1m[36mItem Create (0.4ms)[0m  [1m[32mINSERT INTO "items" ("title", "artist", "description", "starting_bid", "image_url", "created_at", "updated_at") VALUES ($1, $2, $3, $4, $5, $6, $7) RETURNING "id"[0m  [["title", "Lady at the Tea Table"], ["artist", "Mary Cassatt"], ["description", "Oil on canvas"], ["starting_bid", "15000.0"], ["image_url", "https://images.metmuseum.org/CRDImages/ap/web-large/DT516.jpg"], ["created_at", "2018-05-25 20:50:56.216360"], ["updated_at", "2018-05-25 20:50:56.216360"]]
  ↳ db/seeds.rb:48
  [1m[35m (0.3ms)[0m  [1m[35mCOMMIT[0m
  ↳ db/seeds.rb:48
  [1m[35m (0.1ms)[0m  [1m[35mBEGIN[0m
  ↳ db/seeds.rb:48
  [1m[36mItem Create (1.0ms)[0m  [1m[32mINSERT INTO "items" ("title", "artist", "description", "starting_bid", "image_url", "created_at", "updated_at") VALUES ($1, $2, $3, $4, $5, $6, $7) RETURNING "id"[0m  [["title", "Rue Eugène Moussoir at Moret: Winter"], ["artist", "Alfred Sisley"], ["description", "Oil on canvas"], ["starting_bid", "8000.0"], ["image_url", "https://images.metmuseum.org/CRDImages/ep/web-large/DT1907.jpg"], ["created_at", "2018-05-25 20:50:56.218944"], ["updated_at", "2018-05-25 20:50:56.218944"]]
  ↳ db/seeds.rb:48
  [1m[35m (0.4ms)[0m  [1m[35mCOMMIT[0m
  ↳ db/seeds.rb:48
  [1m[35m (0.1ms)[0m  [1m[35mBEGIN[0m
  ↳ db/seeds.rb:48
  [1m[36mItem Create (0.3ms)[0m  [1m[32mINSERT INTO "items" ("title", "artist", "description", "starting_bid", "image_url", "created_at", "updated_at") VALUES ($1, $2, $3, $4, $5, $6, $7) RETURNING "id"[0m  [["title", "Colombian Masked Figure Pendant"], ["artist", ""], ["description", "Gold"], ["starting_bid", "22000.0"], ["image_url", "https://images.metmuseum.org/CRDImages/ao/web-large/DP160743.jpg"], ["created_at", "2018-05-25 20:50:56.222190"], ["updated_at", "2018-05-25 20:50:56.222190"]]
  ↳ db/seeds.rb:48
  [1m[35m (0.3ms)[0m  [1m[35mCOMMIT[0m
  ↳ db/seeds.rb:48
  [1m[35m (0.1ms)[0m  [1m[35mBEGIN[0m
  ↳ db/seeds.rb:48
  [1m[36mItem Create (0.3ms)[0m  [1m[32mINSERT INTO "items" ("title", "artist", "description", "starting_bid", "image_url", "created_at", "updated_at") VALUES ($1, $2, $3, $4, $5, $6, $7) RETURNING "id"[0m  [["title", "Southern Gardens"], ["artist", "Paul Klee"], ["description", "Watercolor and ink on paper mounted on cardboard"], ["starting_bid", "71400.0"], ["image_url", "https://images.metmuseum.org/CRDImages/ma/web-large/DT229524.jpg"], ["created_at", "2018-05-25 20:50:56.224615"], ["updated_at", "2018-05-25 20:50:56.224615"]]
  ↳ db/seeds.rb:48
  [1m[35m (0.3ms)[0m  [1m[35mCOMMIT[0m
  ↳ db/seeds.rb:48
Started GET "/" for 127.0.0.1 at 2018-05-25 17:02:04 -0400
  [1m[35m (0.7ms)[0m  [1m[34mSELECT "schema_migrations"."version" FROM "schema_migrations" ORDER BY "schema_migrations"."version" ASC[0m
  ↳ /Users/amygori/.rbenv/versions/2.5.0/lib/ruby/gems/2.5.0/gems/activerecord-5.2.0/lib/active_record/log_subscriber.rb:98
Processing by ItemsController#index as HTML
  Rendering items/index.html.erb within layouts/application
  Rendered items/index.html.erb within layouts/application (7.9ms)
Completed 500 Internal Server Error in 27ms (ActiveRecord: 0.0ms)


  
ActionView::Template::Error (undefined method `each' for nil:NilClass):
    15:   </thead>
    16: 
    17:   <tbody>
    18:     <% @items.each do |item| %>
    19:       <tr>
    20:         <td><%= image_tag item.image_url, class: "thumbnail img-thumbnail" %></td>
    21:         <td><%= item.title %></td>
  
app/views/items/index.html.erb:18:in `_app_views_items_index_html_erb___3307383008572986701_70215382168760'
Started PUT "/__web_console/repl_sessions/84f1e8a0a11757431fd76cce567211ed" for 127.0.0.1 at 2018-05-25 17:02:11 -0400
Started PUT "/__web_console/repl_sessions/84f1e8a0a11757431fd76cce567211ed" for 127.0.0.1 at 2018-05-25 17:02:12 -0400
Started GET "/" for 127.0.0.1 at 2018-05-25 17:13:22 -0400
Processing by ItemsController#index as HTML
  Rendering items/index.html.erb within layouts/application
  [1m[36mItem Load (0.9ms)[0m  [1m[34mSELECT "items".* FROM "items"[0m
  ↳ app/views/items/index.html.erb:18
  [1m[36mBid Exists (82.8ms)[0m  [1m[34mSELECT  1 AS one FROM "bids" WHERE "bids"."item_id" = $1 LIMIT $2[0m  [["item_id", 1], ["LIMIT", 1]]
  ↳ app/models/item.rb:9
  [1m[36mBid Exists (0.3ms)[0m  [1m[34mSELECT  1 AS one FROM "bids" WHERE "bids"."item_id" = $1 LIMIT $2[0m  [["item_id", 2], ["LIMIT", 1]]
  ↳ app/models/item.rb:9
  [1m[36mBid Exists (0.4ms)[0m  [1m[34mSELECT  1 AS one FROM "bids" WHERE "bids"."item_id" = $1 LIMIT $2[0m  [["item_id", 3], ["LIMIT", 1]]
  ↳ app/models/item.rb:9
  [1m[36mBid Exists (0.3ms)[0m  [1m[34mSELECT  1 AS one FROM "bids" WHERE "bids"."item_id" = $1 LIMIT $2[0m  [["item_id", 4], ["LIMIT", 1]]
  ↳ app/models/item.rb:9
  [1m[36mBid Exists (0.5ms)[0m  [1m[34mSELECT  1 AS one FROM "bids" WHERE "bids"."item_id" = $1 LIMIT $2[0m  [["item_id", 5], ["LIMIT", 1]]
  ↳ app/models/item.rb:9
  [1m[36mBid Exists (0.3ms)[0m  [1m[34mSELECT  1 AS one FROM "bids" WHERE "bids"."item_id" = $1 LIMIT $2[0m  [["item_id", 6], ["LIMIT", 1]]
  ↳ app/models/item.rb:9
  [1m[36mBid Exists (0.3ms)[0m  [1m[34mSELECT  1 AS one FROM "bids" WHERE "bids"."item_id" = $1 LIMIT $2[0m  [["item_id", 7], ["LIMIT", 1]]
  ↳ app/models/item.rb:9
  [1m[36mBid Exists (0.4ms)[0m  [1m[34mSELECT  1 AS one FROM "bids" WHERE "bids"."item_id" = $1 LIMIT $2[0m  [["item_id", 8], ["LIMIT", 1]]
  ↳ app/models/item.rb:9
  [1m[36mBid Exists (0.3ms)[0m  [1m[34mSELECT  1 AS one FROM "bids" WHERE "bids"."item_id" = $1 LIMIT $2[0m  [["item_id", 9], ["LIMIT", 1]]
  ↳ app/models/item.rb:9
  [1m[36mBid Exists (0.4ms)[0m  [1m[34mSELECT  1 AS one FROM "bids" WHERE "bids"."item_id" = $1 LIMIT $2[0m  [["item_id", 10], ["LIMIT", 1]]
  ↳ app/models/item.rb:9
  Rendered items/index.html.erb within layouts/application (205.3ms)
Completed 200 OK in 2695ms (Views: 2584.2ms | ActiveRecord: 97.4ms)


  [1m[35m (41.3ms)[0m  [1m[34mSELECT "schema_migrations"."version" FROM "schema_migrations" ORDER BY "schema_migrations"."version" ASC[0m
  ↳ /Users/amygori/.rbenv/versions/2.5.0/bin/rake:23
  [1m[35m (0.4ms)[0m  [1m[34mSELECT "ar_internal_metadata"."value" FROM "ar_internal_metadata" WHERE "ar_internal_metadata"."key" = $1[0m  [["key", "environment"]]
  ↳ /Users/amygori/.rbenv/versions/2.5.0/bin/rake:23
  [1m[35m (0.2ms)[0m  [1m[34mSELECT "schema_migrations"."version" FROM "schema_migrations" ORDER BY "schema_migrations"."version" ASC[0m
  ↳ /Users/amygori/.rbenv/versions/2.5.0/bin/rake:23
  [1m[35m (0.2ms)[0m  [1m[34mSELECT "ar_internal_metadata"."value" FROM "ar_internal_metadata" WHERE "ar_internal_metadata"."key" = $1[0m  [["key", "environment"]]
  ↳ /Users/amygori/.rbenv/versions/2.5.0/bin/rake:23
  [1m[35m (0.2ms)[0m  [1m[34mSELECT "schema_migrations"."version" FROM "schema_migrations" ORDER BY "schema_migrations"."version" ASC[0m
  ↳ /Users/amygori/.rbenv/versions/2.5.0/bin/rake:23
  [1m[35m (0.2ms)[0m  [1m[34mSELECT "ar_internal_metadata"."value" FROM "ar_internal_metadata" WHERE "ar_internal_metadata"."key" = $1[0m  [["key", "environment"]]
  ↳ /Users/amygori/.rbenv/versions/2.5.0/bin/rake:23
  [1m[35m (233.3ms)[0m  [1m[35mDROP DATABASE IF EXISTS "auction_ajax_development"[0m
  ↳ /Users/amygori/.rbenv/versions/2.5.0/bin/rake:23
  [1m[35m (240.5ms)[0m  [1m[35mDROP DATABASE IF EXISTS "auction_ajax_test"[0m
  ↳ /Users/amygori/.rbenv/versions/2.5.0/bin/rake:23
  [1m[35m (625.4ms)[0m  [1m[35mCREATE DATABASE "auction_ajax_development" ENCODING = 'unicode'[0m
  ↳ /Users/amygori/.rbenv/versions/2.5.0/bin/rake:23
  [1m[35m (517.0ms)[0m  [1m[35mCREATE DATABASE "auction_ajax_test" ENCODING = 'unicode'[0m
  ↳ /Users/amygori/.rbenv/versions/2.5.0/bin/rake:23
  [1m[35m (7.1ms)[0m  [1m[35mCREATE TABLE "schema_migrations" ("version" character varying NOT NULL PRIMARY KEY)[0m
  ↳ /Users/amygori/.rbenv/versions/2.5.0/bin/rake:23
  [1m[35m (45.7ms)[0m  [1m[35mCREATE TABLE "ar_internal_metadata" ("key" character varying NOT NULL PRIMARY KEY, "value" character varying, "created_at" timestamp NOT NULL, "updated_at" timestamp NOT NULL)[0m
  ↳ /Users/amygori/.rbenv/versions/2.5.0/bin/rake:23
  [1m[35m (0.4ms)[0m  [1m[34mSELECT pg_try_advisory_lock(460066688806753245)[0m
  ↳ /Users/amygori/.rbenv/versions/2.5.0/bin/rake:23
  [1m[35m (0.5ms)[0m  [1m[34mSELECT "schema_migrations"."version" FROM "schema_migrations" ORDER BY "schema_migrations"."version" ASC[0m
  ↳ /Users/amygori/.rbenv/versions/2.5.0/bin/rake:23
Migrating to CreateBids (20180525193726)
  [1m[35m (0.2ms)[0m  [1m[35mBEGIN[0m
  ↳ /Users/amygori/.rbenv/versions/2.5.0/bin/rake:23
  [1m[35m (52.7ms)[0m  [1m[35mCREATE TABLE "bids" ("id" bigserial primary key, "item_id" integer, "amount" decimal, "created_at" timestamp NOT NULL, "updated_at" timestamp NOT NULL)[0m
  ↳ db/migrate/20180525193726_create_bids.rb:3
  [1m[36mActiveRecord::SchemaMigration Create (0.6ms)[0m  [1m[32mINSERT INTO "schema_migrations" ("version") VALUES ($1) RETURNING "version"[0m  [["version", "20180525193726"]]
  ↳ /Users/amygori/.rbenv/versions/2.5.0/bin/rake:23
  [1m[35m (1.3ms)[0m  [1m[35mCOMMIT[0m
  ↳ /Users/amygori/.rbenv/versions/2.5.0/bin/rake:23
Migrating to CreateItems (20180525193958)
  [1m[35m (40.2ms)[0m  [1m[35mBEGIN[0m
  ↳ /Users/amygori/.rbenv/versions/2.5.0/bin/rake:23
  [1m[35m (5.0ms)[0m  [1m[35mCREATE TABLE "items" ("id" bigserial primary key, "title" character varying, "artist" character varying, "description" text, "starting_bid" decimal, "image_url" character varying, "created_at" timestamp NOT NULL, "updated_at" timestamp NOT NULL)[0m
  ↳ db/migrate/20180525193958_create_items.rb:3
  [1m[36mActiveRecord::SchemaMigration Create (0.3ms)[0m  [1m[32mINSERT INTO "schema_migrations" ("version") VALUES ($1) RETURNING "version"[0m  [["version", "20180525193958"]]
  ↳ /Users/amygori/.rbenv/versions/2.5.0/bin/rake:23
  [1m[35m (0.4ms)[0m  [1m[35mCOMMIT[0m
  ↳ /Users/amygori/.rbenv/versions/2.5.0/bin/rake:23
  [1m[36mActiveRecord::InternalMetadata Load (0.3ms)[0m  [1m[34mSELECT  "ar_internal_metadata".* FROM "ar_internal_metadata" WHERE "ar_internal_metadata"."key" = $1 LIMIT $2[0m  [["key", "environment"], ["LIMIT", 1]]
  ↳ /Users/amygori/.rbenv/versions/2.5.0/bin/rake:23
  [1m[35m (0.2ms)[0m  [1m[35mBEGIN[0m
  ↳ /Users/amygori/.rbenv/versions/2.5.0/bin/rake:23
  [1m[36mActiveRecord::InternalMetadata Create (0.7ms)[0m  [1m[32mINSERT INTO "ar_internal_metadata" ("key", "value", "created_at", "updated_at") VALUES ($1, $2, $3, $4) RETURNING "key"[0m  [["key", "environment"], ["value", "development"], ["created_at", "2018-05-25 21:16:19.295472"], ["updated_at", "2018-05-25 21:16:19.295472"]]
  ↳ /Users/amygori/.rbenv/versions/2.5.0/bin/rake:23
  [1m[35m (24.8ms)[0m  [1m[35mCOMMIT[0m
  ↳ /Users/amygori/.rbenv/versions/2.5.0/bin/rake:23
  [1m[35m (2.0ms)[0m  [1m[34mSELECT pg_advisory_unlock(460066688806753245)[0m
  ↳ /Users/amygori/.rbenv/versions/2.5.0/bin/rake:23
  [1m[35m (1.1ms)[0m  [1m[34mSELECT "schema_migrations"."version" FROM "schema_migrations" ORDER BY "schema_migrations"."version" ASC[0m
  ↳ /Users/amygori/.rbenv/versions/2.5.0/bin/rake:23
  [1m[35m (0.2ms)[0m  [1m[34mSELECT "schema_migrations"."version" FROM "schema_migrations" ORDER BY "schema_migrations"."version" ASC[0m
  ↳ /Users/amygori/.rbenv/versions/2.5.0/bin/rake:23
  [1m[35m (0.7ms)[0m  [1m[35mBEGIN[0m
  ↳ db/seeds.rb:48
  [1m[36mItem Create (0.7ms)[0m  [1m[32mINSERT INTO "items" ("title", "artist", "description", "starting_bid", "image_url", "created_at", "updated_at") VALUES ($1, $2, $3, $4, $5, $6, $7) RETURNING "id"[0m  [["title", "Fuji from Inume Pass"], ["artist", "Katsushika Hokusai"], ["description", "Polychrome woodblock print; ink and color on paper"], ["starting_bid", "5000.0"], ["image_url", "https://images.metmuseum.org/CRDImages/as/web-large/DP141029.jpg"], ["created_at", "2018-05-25 21:16:19.377767"], ["updated_at", "2018-05-25 21:16:19.377767"]]
  ↳ db/seeds.rb:48
  [1m[35m (40.7ms)[0m  [1m[35mCOMMIT[0m
  ↳ db/seeds.rb:48
  [1m[35m (0.2ms)[0m  [1m[35mBEGIN[0m
  ↳ db/seeds.rb:48
  [1m[36mItem Create (0.5ms)[0m  [1m[32mINSERT INTO "items" ("title", "artist", "description", "starting_bid", "image_url", "created_at", "updated_at") VALUES ($1, $2, $3, $4, $5, $6, $7) RETURNING "id"[0m  [["title", "Lady at the Tea Table"], ["artist", "Mary Cassatt"], ["description", "Oil on canvas"], ["starting_bid", "15000.0"], ["image_url", "https://images.metmuseum.org/CRDImages/ap/web-large/DT516.jpg"], ["created_at", "2018-05-25 21:16:19.422241"], ["updated_at", "2018-05-25 21:16:19.422241"]]
  ↳ db/seeds.rb:48
  [1m[35m (0.5ms)[0m  [1m[35mCOMMIT[0m
  ↳ db/seeds.rb:48
  [1m[35m (0.1ms)[0m  [1m[35mBEGIN[0m
  ↳ db/seeds.rb:48
  [1m[36mItem Create (0.3ms)[0m  [1m[32mINSERT INTO "items" ("title", "artist", "description", "starting_bid", "image_url", "created_at", "updated_at") VALUES ($1, $2, $3, $4, $5, $6, $7) RETURNING "id"[0m  [["title", "Rue Eugène Moussoir at Moret: Winter"], ["artist", "Alfred Sisley"], ["description", "Oil on canvas"], ["starting_bid", "8000.0"], ["image_url", "https://images.metmuseum.org/CRDImages/ep/web-large/DT1907.jpg"], ["created_at", "2018-05-25 21:16:19.425559"], ["updated_at", "2018-05-25 21:16:19.425559"]]
  ↳ db/seeds.rb:48
  [1m[35m (0.3ms)[0m  [1m[35mCOMMIT[0m
  ↳ db/seeds.rb:48
  [1m[35m (0.1ms)[0m  [1m[35mBEGIN[0m
  ↳ db/seeds.rb:48
  [1m[36mItem Create (0.4ms)[0m  [1m[32mINSERT INTO "items" ("title", "artist", "description", "starting_bid", "image_url", "created_at", "updated_at") VALUES ($1, $2, $3, $4, $5, $6, $7) RETURNING "id"[0m  [["title", "Colombian Masked Figure Pendant"], ["artist", ""], ["description", "Gold"], ["starting_bid", "22000.0"], ["image_url", "https://images.metmuseum.org/CRDImages/ao/web-large/DP160743.jpg"], ["created_at", "2018-05-25 21:16:19.428086"], ["updated_at", "2018-05-25 21:16:19.428086"]]
  ↳ db/seeds.rb:48
  [1m[35m (0.4ms)[0m  [1m[35mCOMMIT[0m
  ↳ db/seeds.rb:48
  [1m[35m (0.1ms)[0m  [1m[35mBEGIN[0m
  ↳ db/seeds.rb:48
  [1m[36mItem Create (0.3ms)[0m  [1m[32mINSERT INTO "items" ("title", "artist", "description", "starting_bid", "image_url", "created_at", "updated_at") VALUES ($1, $2, $3, $4, $5, $6, $7) RETURNING "id"[0m  [["title", "Southern Gardens"], ["artist", "Paul Klee"], ["description", "Watercolor and ink on paper mounted on cardboard"], ["starting_bid", "71400.0"], ["image_url", "https://images.metmuseum.org/CRDImages/ma/web-large/DT229524.jpg"], ["created_at", "2018-05-25 21:16:19.431103"], ["updated_at", "2018-05-25 21:16:19.431103"]]
  ↳ db/seeds.rb:48
  [1m[35m (0.3ms)[0m  [1m[35mCOMMIT[0m
  ↳ db/seeds.rb:48
Started GET "/" for 127.0.0.1 at 2018-05-25 17:16:47 -0400
  [1m[35m (0.7ms)[0m  [1m[34mSELECT "schema_migrations"."version" FROM "schema_migrations" ORDER BY "schema_migrations"."version" ASC[0m
  ↳ /Users/amygori/.rbenv/versions/2.5.0/lib/ruby/gems/2.5.0/gems/activerecord-5.2.0/lib/active_record/log_subscriber.rb:98
Processing by ItemsController#index as HTML
  Rendering items/index.html.erb within layouts/application
  [1m[36mItem Load (1.5ms)[0m  [1m[34mSELECT "items".* FROM "items"[0m
  ↳ app/views/items/index.html.erb:18
  [1m[36mBid Exists (0.5ms)[0m  [1m[34mSELECT  1 AS one FROM "bids" WHERE "bids"."item_id" = $1 LIMIT $2[0m  [["item_id", 1], ["LIMIT", 1]]
  ↳ app/models/item.rb:9
  [1m[36mBid Exists (0.9ms)[0m  [1m[34mSELECT  1 AS one FROM "bids" WHERE "bids"."item_id" = $1 LIMIT $2[0m  [["item_id", 2], ["LIMIT", 1]]
  ↳ app/models/item.rb:9
  [1m[36mBid Exists (0.4ms)[0m  [1m[34mSELECT  1 AS one FROM "bids" WHERE "bids"."item_id" = $1 LIMIT $2[0m  [["item_id", 3], ["LIMIT", 1]]
  ↳ app/models/item.rb:9
  [1m[36mBid Exists (0.3ms)[0m  [1m[34mSELECT  1 AS one FROM "bids" WHERE "bids"."item_id" = $1 LIMIT $2[0m  [["item_id", 4], ["LIMIT", 1]]
  ↳ app/models/item.rb:9
  [1m[36mBid Exists (0.3ms)[0m  [1m[34mSELECT  1 AS one FROM "bids" WHERE "bids"."item_id" = $1 LIMIT $2[0m  [["item_id", 5], ["LIMIT", 1]]
  ↳ app/models/item.rb:9
  Rendered items/index.html.erb within layouts/application (60.8ms)
Completed 200 OK in 355ms (Views: 330.3ms | ActiveRecord: 9.3ms)


Started GET "/items/1" for 127.0.0.1 at 2018-05-25 17:16:55 -0400
Processing by ItemsController#show as HTML
  Parameters: {"id"=>"1"}
  [1m[36mItem Load (0.8ms)[0m  [1m[34mSELECT  "items".* FROM "items" WHERE "items"."id" = $1 LIMIT $2[0m  [["id", 1], ["LIMIT", 1]]
  ↳ app/controllers/items_controller.rb:52
  [1m[36mBid Exists (0.7ms)[0m  [1m[34mSELECT  1 AS one FROM "bids" WHERE "bids"."item_id" = $1 LIMIT $2[0m  [["item_id", 1], ["LIMIT", 1]]
  ↳ app/models/item.rb:9
  Rendering items/show.html.erb within layouts/application
  [1m[36mCACHE Bid Exists (0.0ms)[0m  [1m[34mSELECT  1 AS one FROM "bids" WHERE "bids"."item_id" = $1 LIMIT $2[0m  [["item_id", 1], ["LIMIT", 1]]
  ↳ app/models/item.rb:9
  Rendered items/show.html.erb within layouts/application (56.7ms)
Completed 200 OK in 347ms (Views: 197.8ms | ActiveRecord: 55.4ms)


Started GET "/" for 127.0.0.1 at 2018-05-25 17:20:17 -0400
  [1m[35m (1.0ms)[0m  [1m[34mSELECT "schema_migrations"."version" FROM "schema_migrations" ORDER BY "schema_migrations"."version" ASC[0m
  ↳ /Users/amygori/.rbenv/versions/2.5.0/lib/ruby/gems/2.5.0/gems/activerecord-5.2.0/lib/active_record/log_subscriber.rb:98
Processing by ItemsController#index as HTML
  Rendering items/index.html.erb within layouts/application
  [1m[36mItem Load (0.6ms)[0m  [1m[34mSELECT "items".* FROM "items"[0m
  ↳ app/views/items/index.html.erb:18
  [1m[36mBid Exists (0.5ms)[0m  [1m[34mSELECT  1 AS one FROM "bids" WHERE "bids"."item_id" = $1 LIMIT $2[0m  [["item_id", 1], ["LIMIT", 1]]
  ↳ app/models/item.rb:9
  [1m[36mBid Exists (0.4ms)[0m  [1m[34mSELECT  1 AS one FROM "bids" WHERE "bids"."item_id" = $1 LIMIT $2[0m  [["item_id", 2], ["LIMIT", 1]]
  ↳ app/models/item.rb:9
  [1m[36mBid Exists (0.5ms)[0m  [1m[34mSELECT  1 AS one FROM "bids" WHERE "bids"."item_id" = $1 LIMIT $2[0m  [["item_id", 3], ["LIMIT", 1]]
  ↳ app/models/item.rb:9
  [1m[36mBid Exists (0.3ms)[0m  [1m[34mSELECT  1 AS one FROM "bids" WHERE "bids"."item_id" = $1 LIMIT $2[0m  [["item_id", 4], ["LIMIT", 1]]
  ↳ app/models/item.rb:9
  [1m[36mBid Exists (0.4ms)[0m  [1m[34mSELECT  1 AS one FROM "bids" WHERE "bids"."item_id" = $1 LIMIT $2[0m  [["item_id", 5], ["LIMIT", 1]]
  ↳ app/models/item.rb:9
  Rendered items/index.html.erb within layouts/application (66.3ms)
Completed 200 OK in 438ms (Views: 396.0ms | ActiveRecord: 17.5ms)


Started GET "/items/1" for 127.0.0.1 at 2018-05-25 17:20:21 -0400
Processing by ItemsController#show as HTML
  Parameters: {"id"=>"1"}
  [1m[36mItem Load (0.9ms)[0m  [1m[34mSELECT  "items".* FROM "items" WHERE "items"."id" = $1 LIMIT $2[0m  [["id", 1], ["LIMIT", 1]]
  ↳ app/controllers/items_controller.rb:52
  [1m[36mBid Exists (12.2ms)[0m  [1m[34mSELECT  1 AS one FROM "bids" WHERE "bids"."item_id" = $1 LIMIT $2[0m  [["item_id", 1], ["LIMIT", 1]]
  ↳ app/models/item.rb:9
  Rendering items/show.html.erb within layouts/application
  [1m[36mCACHE Bid Exists (0.0ms)[0m  [1m[34mSELECT  1 AS one FROM "bids" WHERE "bids"."item_id" = $1 LIMIT $2[0m  [["item_id", 1], ["LIMIT", 1]]
  ↳ app/models/item.rb:9
  [1m[36mCACHE Bid Exists (0.0ms)[0m  [1m[34mSELECT  1 AS one FROM "bids" WHERE "bids"."item_id" = $1 LIMIT $2[0m  [["item_id", 1], ["LIMIT", 1]]
  ↳ app/models/item.rb:9
  Rendered items/show.html.erb within layouts/application (74.7ms)
Completed 200 OK in 205ms (Views: 113.3ms | ActiveRecord: 59.5ms)


Started GET "/" for 127.0.0.1 at 2018-05-25 17:21:41 -0400
Started GET "/items/1" for 127.0.0.1 at 2018-05-25 17:21:51 -0400
Processing by ItemsController#index as HTML
  Rendering items/index.html.erb within layouts/application
  [1m[36mItem Load (0.4ms)[0m  [1m[34mSELECT "items".* FROM "items"[0m
  ↳ app/views/items/index.html.erb:18
  [1m[36mBid Exists (0.3ms)[0m  [1m[34mSELECT  1 AS one FROM "bids" WHERE "bids"."item_id" = $1 LIMIT $2[0m  [["item_id", 1], ["LIMIT", 1]]
  ↳ app/models/item.rb:9
  [1m[36mBid Exists (0.5ms)[0m  [1m[34mSELECT  1 AS one FROM "bids" WHERE "bids"."item_id" = $1 LIMIT $2[0m  [["item_id", 2], ["LIMIT", 1]]
  ↳ app/models/item.rb:9
  [1m[36mBid Exists (2.8ms)[0m  [1m[34mSELECT  1 AS one FROM "bids" WHERE "bids"."item_id" = $1 LIMIT $2[0m  [["item_id", 3], ["LIMIT", 1]]
  ↳ app/models/item.rb:9
  [1m[36mBid Exists (0.3ms)[0m  [1m[34mSELECT  1 AS one FROM "bids" WHERE "bids"."item_id" = $1 LIMIT $2[0m  [["item_id", 4], ["LIMIT", 1]]
  ↳ app/models/item.rb:9
  [1m[36mBid Exists (0.4ms)[0m  [1m[34mSELECT  1 AS one FROM "bids" WHERE "bids"."item_id" = $1 LIMIT $2[0m  [["item_id", 5], ["LIMIT", 1]]
  ↳ app/models/item.rb:9
  Rendered items/index.html.erb within layouts/application (65.0ms)
Completed 200 OK in 127ms (Views: 101.0ms | ActiveRecord: 16.0ms)


Processing by ItemsController#show as HTML
  Parameters: {"id"=>"1"}
  [1m[36mItem Load (0.3ms)[0m  [1m[34mSELECT  "items".* FROM "items" WHERE "items"."id" = $1 LIMIT $2[0m  [["id", 1], ["LIMIT", 1]]
  ↳ app/controllers/items_controller.rb:44
  [1m[36mBid Exists (0.7ms)[0m  [1m[34mSELECT  1 AS one FROM "bids" WHERE "bids"."item_id" = $1 LIMIT $2[0m  [["item_id", 1], ["LIMIT", 1]]
  ↳ app/models/item.rb:9
  Rendering items/show.html.erb within layouts/application
  [1m[36mCACHE Bid Exists (0.0ms)[0m  [1m[34mSELECT  1 AS one FROM "bids" WHERE "bids"."item_id" = $1 LIMIT $2[0m  [["item_id", 1], ["LIMIT", 1]]
  ↳ app/models/item.rb:9
  [1m[36mCACHE Bid Exists (0.0ms)[0m  [1m[34mSELECT  1 AS one FROM "bids" WHERE "bids"."item_id" = $1 LIMIT $2[0m  [["item_id", 1], ["LIMIT", 1]]
  ↳ app/models/item.rb:9
  Rendered items/show.html.erb within layouts/application (7.9ms)
Completed 200 OK in 95ms (Views: 48.6ms | ActiveRecord: 6.7ms)


Started GET "/" for 127.0.0.1 at 2018-05-25 19:10:30 -0400
  [1m[35m (0.7ms)[0m  [1m[34mSELECT "schema_migrations"."version" FROM "schema_migrations" ORDER BY "schema_migrations"."version" ASC[0m
  ↳ /Users/amygori/.rbenv/versions/2.5.0/lib/ruby/gems/2.5.0/gems/activerecord-5.2.0/lib/active_record/log_subscriber.rb:98
Processing by ItemsController#index as HTML
  Rendering items/index.html.erb within layouts/application
  [1m[36mItem Load (0.6ms)[0m  [1m[34mSELECT "items".* FROM "items"[0m
  ↳ app/views/items/index.html.erb:18
  [1m[36mBid Exists (0.5ms)[0m  [1m[34mSELECT  1 AS one FROM "bids" WHERE "bids"."item_id" = $1 LIMIT $2[0m  [["item_id", 1], ["LIMIT", 1]]
  ↳ app/models/item.rb:9
  [1m[36mBid Exists (0.3ms)[0m  [1m[34mSELECT  1 AS one FROM "bids" WHERE "bids"."item_id" = $1 LIMIT $2[0m  [["item_id", 2], ["LIMIT", 1]]
  ↳ app/models/item.rb:9
  [1m[36mBid Exists (0.3ms)[0m  [1m[34mSELECT  1 AS one FROM "bids" WHERE "bids"."item_id" = $1 LIMIT $2[0m  [["item_id", 3], ["LIMIT", 1]]
  ↳ app/models/item.rb:9
  [1m[36mBid Exists (0.3ms)[0m  [1m[34mSELECT  1 AS one FROM "bids" WHERE "bids"."item_id" = $1 LIMIT $2[0m  [["item_id", 4], ["LIMIT", 1]]
  ↳ app/models/item.rb:9
  [1m[36mBid Exists (0.4ms)[0m  [1m[34mSELECT  1 AS one FROM "bids" WHERE "bids"."item_id" = $1 LIMIT $2[0m  [["item_id", 5], ["LIMIT", 1]]
  ↳ app/models/item.rb:9
  Rendered items/index.html.erb within layouts/application (68.9ms)
Completed 200 OK in 347ms (Views: 316.2ms | ActiveRecord: 9.1ms)


Started GET "/items/1" for 127.0.0.1 at 2018-05-25 19:10:37 -0400
Processing by ItemsController#show as HTML
  Parameters: {"id"=>"1"}
  [1m[36mItem Load (18.8ms)[0m  [1m[34mSELECT  "items".* FROM "items" WHERE "items"."id" = $1 LIMIT $2[0m  [["id", 1], ["LIMIT", 1]]
  ↳ app/controllers/items_controller.rb:44
  [1m[36mBid Exists (1.2ms)[0m  [1m[34mSELECT  1 AS one FROM "bids" WHERE "bids"."item_id" = $1 LIMIT $2[0m  [["item_id", 1], ["LIMIT", 1]]
  ↳ app/models/item.rb:9
  Rendering items/show.html.erb within layouts/application
  [1m[36mCACHE Bid Exists (0.0ms)[0m  [1m[34mSELECT  1 AS one FROM "bids" WHERE "bids"."item_id" = $1 LIMIT $2[0m  [["item_id", 1], ["LIMIT", 1]]
  ↳ app/models/item.rb:9
  [1m[36mCACHE Bid Exists (0.0ms)[0m  [1m[34mSELECT  1 AS one FROM "bids" WHERE "bids"."item_id" = $1 LIMIT $2[0m  [["item_id", 1], ["LIMIT", 1]]
  ↳ app/models/item.rb:9
  Rendered items/show.html.erb within layouts/application (23.4ms)
Completed 200 OK in 242ms (Views: 74.8ms | ActiveRecord: 113.6ms)


Started GET "/items/1" for 127.0.0.1 at 2018-05-25 19:11:36 -0400
Processing by ItemsController#show as HTML
  Parameters: {"id"=>"1"}
  [1m[36mItem Load (1.3ms)[0m  [1m[34mSELECT  "items".* FROM "items" WHERE "items"."id" = $1 LIMIT $2[0m  [["id", 1], ["LIMIT", 1]]
  ↳ app/controllers/items_controller.rb:44
  [1m[36mBid Exists (0.4ms)[0m  [1m[34mSELECT  1 AS one FROM "bids" WHERE "bids"."item_id" = $1 LIMIT $2[0m  [["item_id", 1], ["LIMIT", 1]]
  ↳ app/models/item.rb:9
  Rendering items/show.html.erb within layouts/application
  [1m[36mCACHE Bid Exists (0.0ms)[0m  [1m[34mSELECT  1 AS one FROM "bids" WHERE "bids"."item_id" = $1 LIMIT $2[0m  [["item_id", 1], ["LIMIT", 1]]
  ↳ app/models/item.rb:9
  [1m[36mCACHE Bid Exists (0.0ms)[0m  [1m[34mSELECT  1 AS one FROM "bids" WHERE "bids"."item_id" = $1 LIMIT $2[0m  [["item_id", 1], ["LIMIT", 1]]
  ↳ app/models/item.rb:9
  Rendered items/show.html.erb within layouts/application (4.2ms)
Completed 200 OK in 47ms (Views: 37.1ms | ActiveRecord: 1.8ms)


Started GET "/items/1" for 127.0.0.1 at 2018-05-25 19:12:04 -0400
Processing by ItemsController#show as HTML
  Parameters: {"id"=>"1"}
  [1m[36mItem Load (0.3ms)[0m  [1m[34mSELECT  "items".* FROM "items" WHERE "items"."id" = $1 LIMIT $2[0m  [["id", 1], ["LIMIT", 1]]
  ↳ app/controllers/items_controller.rb:44
  [1m[36mBid Exists (0.3ms)[0m  [1m[34mSELECT  1 AS one FROM "bids" WHERE "bids"."item_id" = $1 LIMIT $2[0m  [["item_id", 1], ["LIMIT", 1]]
  ↳ app/models/item.rb:9
  Rendering items/show.html.erb within layouts/application
  [1m[36mCACHE Bid Exists (0.0ms)[0m  [1m[34mSELECT  1 AS one FROM "bids" WHERE "bids"."item_id" = $1 LIMIT $2[0m  [["item_id", 1], ["LIMIT", 1]]
  ↳ app/models/item.rb:9
  Rendered items/show.html.erb within layouts/application (2.4ms)
Completed 200 OK in 37ms (Views: 32.0ms | ActiveRecord: 0.6ms)


Started GET "/items/1" for 127.0.0.1 at 2018-05-25 19:13:16 -0400
Processing by ItemsController#show as HTML
  Parameters: {"id"=>"1"}
  [1m[36mItem Load (0.6ms)[0m  [1m[34mSELECT  "items".* FROM "items" WHERE "items"."id" = $1 LIMIT $2[0m  [["id", 1], ["LIMIT", 1]]
  ↳ app/controllers/items_controller.rb:44
  [1m[36mBid Exists (0.4ms)[0m  [1m[34mSELECT  1 AS one FROM "bids" WHERE "bids"."item_id" = $1 LIMIT $2[0m  [["item_id", 1], ["LIMIT", 1]]
  ↳ app/models/item.rb:9
  Rendering items/show.html.erb within layouts/application
  [1m[36mCACHE Bid Exists (0.0ms)[0m  [1m[34mSELECT  1 AS one FROM "bids" WHERE "bids"."item_id" = $1 LIMIT $2[0m  [["item_id", 1], ["LIMIT", 1]]
  ↳ app/models/item.rb:9
  Rendered items/show.html.erb within layouts/application (4.1ms)
Completed 200 OK in 5317ms (Views: 5310.9ms | ActiveRecord: 1.0ms)


Started GET "/items" for 127.0.0.1 at 2018-05-25 19:13:35 -0400
Processing by ItemsController#index as HTML
  Rendering items/index.html.erb within layouts/application
  [1m[36mItem Load (20.4ms)[0m  [1m[34mSELECT "items".* FROM "items"[0m
  ↳ app/views/items/index.html.erb:18
  [1m[36mBid Exists (22.5ms)[0m  [1m[34mSELECT  1 AS one FROM "bids" WHERE "bids"."item_id" = $1 LIMIT $2[0m  [["item_id", 1], ["LIMIT", 1]]
  ↳ app/models/item.rb:9
  [1m[36mBid Exists (3.6ms)[0m  [1m[34mSELECT  1 AS one FROM "bids" WHERE "bids"."item_id" = $1 LIMIT $2[0m  [["item_id", 2], ["LIMIT", 1]]
  ↳ app/models/item.rb:9
  [1m[36mBid Exists (0.4ms)[0m  [1m[34mSELECT  1 AS one FROM "bids" WHERE "bids"."item_id" = $1 LIMIT $2[0m  [["item_id", 3], ["LIMIT", 1]]
  ↳ app/models/item.rb:9
  [1m[36mBid Exists (0.4ms)[0m  [1m[34mSELECT  1 AS one FROM "bids" WHERE "bids"."item_id" = $1 LIMIT $2[0m  [["item_id", 4], ["LIMIT", 1]]
  ↳ app/models/item.rb:9
  [1m[36mBid Exists (0.3ms)[0m  [1m[34mSELECT  1 AS one FROM "bids" WHERE "bids"."item_id" = $1 LIMIT $2[0m  [["item_id", 5], ["LIMIT", 1]]
  ↳ app/models/item.rb:9
  Rendered items/index.html.erb within layouts/application (82.1ms)
Completed 200 OK in 284ms (Views: 230.5ms | ActiveRecord: 47.6ms)


Started GET "/items" for 127.0.0.1 at 2018-05-25 19:14:45 -0400
Processing by ItemsController#index as HTML
  Rendering items/index.html.erb within layouts/application
  [1m[36mItem Load (5.0ms)[0m  [1m[34mSELECT "items".* FROM "items"[0m
  ↳ app/views/items/index.html.erb:18
  [1m[36mBid Exists (0.5ms)[0m  [1m[34mSELECT  1 AS one FROM "bids" WHERE "bids"."item_id" = $1 LIMIT $2[0m  [["item_id", 1], ["LIMIT", 1]]
  ↳ app/models/item.rb:9
  [1m[36mBid Exists (0.3ms)[0m  [1m[34mSELECT  1 AS one FROM "bids" WHERE "bids"."item_id" = $1 LIMIT $2[0m  [["item_id", 2], ["LIMIT", 1]]
  ↳ app/models/item.rb:9
  [1m[36mBid Exists (0.4ms)[0m  [1m[34mSELECT  1 AS one FROM "bids" WHERE "bids"."item_id" = $1 LIMIT $2[0m  [["item_id", 3], ["LIMIT", 1]]
  ↳ app/models/item.rb:9
  [1m[36mBid Exists (1.5ms)[0m  [1m[34mSELECT  1 AS one FROM "bids" WHERE "bids"."item_id" = $1 LIMIT $2[0m  [["item_id", 4], ["LIMIT", 1]]
  ↳ app/models/item.rb:9
  [1m[36mBid Exists (0.5ms)[0m  [1m[34mSELECT  1 AS one FROM "bids" WHERE "bids"."item_id" = $1 LIMIT $2[0m  [["item_id", 5], ["LIMIT", 1]]
  ↳ app/models/item.rb:9
  Rendered items/index.html.erb within layouts/application (40.8ms)
Completed 200 OK in 136ms (Views: 121.0ms | ActiveRecord: 8.2ms)


Started GET "/items" for 127.0.0.1 at 2018-05-25 19:15:35 -0400
Processing by ItemsController#index as HTML
  Rendering items/index.html.erb within layouts/application
  [1m[36mItem Load (0.3ms)[0m  [1m[34mSELECT "items".* FROM "items"[0m
  ↳ app/views/items/index.html.erb:18
  [1m[36mBid Exists (0.4ms)[0m  [1m[34mSELECT  1 AS one FROM "bids" WHERE "bids"."item_id" = $1 LIMIT $2[0m  [["item_id", 1], ["LIMIT", 1]]
  ↳ app/models/item.rb:9
  [1m[36mBid Exists (0.4ms)[0m  [1m[34mSELECT  1 AS one FROM "bids" WHERE "bids"."item_id" = $1 LIMIT $2[0m  [["item_id", 2], ["LIMIT", 1]]
  ↳ app/models/item.rb:9
  [1m[36mBid Exists (0.3ms)[0m  [1m[34mSELECT  1 AS one FROM "bids" WHERE "bids"."item_id" = $1 LIMIT $2[0m  [["item_id", 3], ["LIMIT", 1]]
  ↳ app/models/item.rb:9
  [1m[36mBid Exists (0.4ms)[0m  [1m[34mSELECT  1 AS one FROM "bids" WHERE "bids"."item_id" = $1 LIMIT $2[0m  [["item_id", 4], ["LIMIT", 1]]
  ↳ app/models/item.rb:9
  [1m[36mBid Exists (0.3ms)[0m  [1m[34mSELECT  1 AS one FROM "bids" WHERE "bids"."item_id" = $1 LIMIT $2[0m  [["item_id", 5], ["LIMIT", 1]]
  ↳ app/models/item.rb:9
  Rendered items/index.html.erb within layouts/application (16.0ms)
Completed 200 OK in 58ms (Views: 53.7ms | ActiveRecord: 2.2ms)


Started GET "/items" for 127.0.0.1 at 2018-05-25 19:15:56 -0400
Processing by ItemsController#index as HTML
  Rendering items/index.html.erb within layouts/application
  [1m[36mItem Load (0.3ms)[0m  [1m[34mSELECT "items".* FROM "items"[0m
  ↳ app/views/items/index.html.erb:18
  [1m[36mBid Exists (0.3ms)[0m  [1m[34mSELECT  1 AS one FROM "bids" WHERE "bids"."item_id" = $1 LIMIT $2[0m  [["item_id", 1], ["LIMIT", 1]]
  ↳ app/models/item.rb:9
  [1m[36mBid Exists (0.3ms)[0m  [1m[34mSELECT  1 AS one FROM "bids" WHERE "bids"."item_id" = $1 LIMIT $2[0m  [["item_id", 2], ["LIMIT", 1]]
  ↳ app/models/item.rb:9
  [1m[36mBid Exists (0.3ms)[0m  [1m[34mSELECT  1 AS one FROM "bids" WHERE "bids"."item_id" = $1 LIMIT $2[0m  [["item_id", 3], ["LIMIT", 1]]
  ↳ app/models/item.rb:9
  [1m[36mBid Exists (0.4ms)[0m  [1m[34mSELECT  1 AS one FROM "bids" WHERE "bids"."item_id" = $1 LIMIT $2[0m  [["item_id", 4], ["LIMIT", 1]]
  ↳ app/models/item.rb:9
  [1m[36mBid Exists (0.3ms)[0m  [1m[34mSELECT  1 AS one FROM "bids" WHERE "bids"."item_id" = $1 LIMIT $2[0m  [["item_id", 5], ["LIMIT", 1]]
  ↳ app/models/item.rb:9
  Rendered items/index.html.erb within layouts/application (12.7ms)
Completed 200 OK in 50ms (Views: 45.4ms | ActiveRecord: 1.8ms)


Started GET "/items" for 127.0.0.1 at 2018-05-25 19:16:07 -0400
Processing by ItemsController#index as HTML
  Rendering items/index.html.erb within layouts/application
  [1m[36mItem Load (0.3ms)[0m  [1m[34mSELECT "items".* FROM "items"[0m
  ↳ app/views/items/index.html.erb:18
  [1m[36mBid Exists (0.3ms)[0m  [1m[34mSELECT  1 AS one FROM "bids" WHERE "bids"."item_id" = $1 LIMIT $2[0m  [["item_id", 1], ["LIMIT", 1]]
  ↳ app/models/item.rb:9
  [1m[36mBid Exists (2.0ms)[0m  [1m[34mSELECT  1 AS one FROM "bids" WHERE "bids"."item_id" = $1 LIMIT $2[0m  [["item_id", 2], ["LIMIT", 1]]
  ↳ app/models/item.rb:9
  [1m[36mBid Exists (0.4ms)[0m  [1m[34mSELECT  1 AS one FROM "bids" WHERE "bids"."item_id" = $1 LIMIT $2[0m  [["item_id", 3], ["LIMIT", 1]]
  ↳ app/models/item.rb:9
  [1m[36mBid Exists (0.3ms)[0m  [1m[34mSELECT  1 AS one FROM "bids" WHERE "bids"."item_id" = $1 LIMIT $2[0m  [["item_id", 4], ["LIMIT", 1]]
  ↳ app/models/item.rb:9
  [1m[36mBid Exists (0.3ms)[0m  [1m[34mSELECT  1 AS one FROM "bids" WHERE "bids"."item_id" = $1 LIMIT $2[0m  [["item_id", 5], ["LIMIT", 1]]
  ↳ app/models/item.rb:9
  Rendered items/index.html.erb within layouts/application (23.7ms)
Completed 200 OK in 60ms (Views: 53.0ms | ActiveRecord: 3.6ms)


Started GET "/items" for 127.0.0.1 at 2018-05-25 19:16:37 -0400
Processing by ItemsController#index as HTML
  Rendering items/index.html.erb within layouts/application
  [1m[36mItem Load (0.3ms)[0m  [1m[34mSELECT "items".* FROM "items"[0m
  ↳ app/views/items/index.html.erb:18
  [1m[36mBid Exists (0.3ms)[0m  [1m[34mSELECT  1 AS one FROM "bids" WHERE "bids"."item_id" = $1 LIMIT $2[0m  [["item_id", 1], ["LIMIT", 1]]
  ↳ app/models/item.rb:9
  [1m[36mBid Exists (0.3ms)[0m  [1m[34mSELECT  1 AS one FROM "bids" WHERE "bids"."item_id" = $1 LIMIT $2[0m  [["item_id", 2], ["LIMIT", 1]]
  ↳ app/models/item.rb:9
  [1m[36mBid Exists (0.3ms)[0m  [1m[34mSELECT  1 AS one FROM "bids" WHERE "bids"."item_id" = $1 LIMIT $2[0m  [["item_id", 3], ["LIMIT", 1]]
  ↳ app/models/item.rb:9
  [1m[36mBid Exists (0.3ms)[0m  [1m[34mSELECT  1 AS one FROM "bids" WHERE "bids"."item_id" = $1 LIMIT $2[0m  [["item_id", 4], ["LIMIT", 1]]
  ↳ app/models/item.rb:9
  [1m[36mBid Exists (0.4ms)[0m  [1m[34mSELECT  1 AS one FROM "bids" WHERE "bids"."item_id" = $1 LIMIT $2[0m  [["item_id", 5], ["LIMIT", 1]]
  ↳ app/models/item.rb:9
  Rendered items/index.html.erb within layouts/application (12.3ms)
Completed 200 OK in 47ms (Views: 42.4ms | ActiveRecord: 2.0ms)


Started GET "/items" for 127.0.0.1 at 2018-05-25 19:16:50 -0400
Processing by ItemsController#index as HTML
  Rendering items/index.html.erb within layouts/application
  [1m[36mItem Load (0.3ms)[0m  [1m[34mSELECT "items".* FROM "items"[0m
  ↳ app/views/items/index.html.erb:18
  [1m[36mBid Exists (0.4ms)[0m  [1m[34mSELECT  1 AS one FROM "bids" WHERE "bids"."item_id" = $1 LIMIT $2[0m  [["item_id", 1], ["LIMIT", 1]]
  ↳ app/models/item.rb:9
  [1m[36mBid Exists (0.8ms)[0m  [1m[34mSELECT  1 AS one FROM "bids" WHERE "bids"."item_id" = $1 LIMIT $2[0m  [["item_id", 2], ["LIMIT", 1]]
  ↳ app/models/item.rb:9
  [1m[36mBid Exists (0.3ms)[0m  [1m[34mSELECT  1 AS one FROM "bids" WHERE "bids"."item_id" = $1 LIMIT $2[0m  [["item_id", 3], ["LIMIT", 1]]
  ↳ app/models/item.rb:9
  [1m[36mBid Exists (0.4ms)[0m  [1m[34mSELECT  1 AS one FROM "bids" WHERE "bids"."item_id" = $1 LIMIT $2[0m  [["item_id", 4], ["LIMIT", 1]]
  ↳ app/models/item.rb:9
  [1m[36mBid Exists (0.3ms)[0m  [1m[34mSELECT  1 AS one FROM "bids" WHERE "bids"."item_id" = $1 LIMIT $2[0m  [["item_id", 5], ["LIMIT", 1]]
  ↳ app/models/item.rb:9
  Rendered items/index.html.erb within layouts/application (14.8ms)
Completed 200 OK in 52ms (Views: 46.6ms | ActiveRecord: 2.6ms)


Started GET "/items" for 127.0.0.1 at 2018-05-25 19:17:13 -0400
Processing by ItemsController#index as HTML
  Rendering items/index.html.erb within layouts/application
  [1m[36mItem Load (1.1ms)[0m  [1m[34mSELECT "items".* FROM "items"[0m
  ↳ app/views/items/index.html.erb:18
  [1m[36mBid Exists (0.5ms)[0m  [1m[34mSELECT  1 AS one FROM "bids" WHERE "bids"."item_id" = $1 LIMIT $2[0m  [["item_id", 1], ["LIMIT", 1]]
  ↳ app/models/item.rb:9
  [1m[36mBid Exists (0.5ms)[0m  [1m[34mSELECT  1 AS one FROM "bids" WHERE "bids"."item_id" = $1 LIMIT $2[0m  [["item_id", 2], ["LIMIT", 1]]
  ↳ app/models/item.rb:9
  [1m[36mBid Exists (0.6ms)[0m  [1m[34mSELECT  1 AS one FROM "bids" WHERE "bids"."item_id" = $1 LIMIT $2[0m  [["item_id", 3], ["LIMIT", 1]]
  ↳ app/models/item.rb:9
  [1m[36mBid Exists (0.3ms)[0m  [1m[34mSELECT  1 AS one FROM "bids" WHERE "bids"."item_id" = $1 LIMIT $2[0m  [["item_id", 4], ["LIMIT", 1]]
  ↳ app/models/item.rb:9
  [1m[36mBid Exists (0.3ms)[0m  [1m[34mSELECT  1 AS one FROM "bids" WHERE "bids"."item_id" = $1 LIMIT $2[0m  [["item_id", 5], ["LIMIT", 1]]
  ↳ app/models/item.rb:9
  Rendered items/index.html.erb within layouts/application (17.5ms)
Completed 200 OK in 54ms (Views: 47.4ms | ActiveRecord: 3.3ms)


Started GET "/items" for 127.0.0.1 at 2018-05-25 19:17:32 -0400
Processing by ItemsController#index as HTML
  Rendering items/index.html.erb within layouts/application
  [1m[36mItem Load (0.4ms)[0m  [1m[34mSELECT "items".* FROM "items"[0m
  ↳ app/views/items/index.html.erb:18
  [1m[36mBid Exists (0.4ms)[0m  [1m[34mSELECT  1 AS one FROM "bids" WHERE "bids"."item_id" = $1 LIMIT $2[0m  [["item_id", 1], ["LIMIT", 1]]
  ↳ app/models/item.rb:9
  [1m[36mBid Exists (0.6ms)[0m  [1m[34mSELECT  1 AS one FROM "bids" WHERE "bids"."item_id" = $1 LIMIT $2[0m  [["item_id", 2], ["LIMIT", 1]]
  ↳ app/models/item.rb:9
  [1m[36mBid Exists (0.7ms)[0m  [1m[34mSELECT  1 AS one FROM "bids" WHERE "bids"."item_id" = $1 LIMIT $2[0m  [["item_id", 3], ["LIMIT", 1]]
  ↳ app/models/item.rb:9
  [1m[36mBid Exists (0.4ms)[0m  [1m[34mSELECT  1 AS one FROM "bids" WHERE "bids"."item_id" = $1 LIMIT $2[0m  [["item_id", 4], ["LIMIT", 1]]
  ↳ app/models/item.rb:9
  [1m[36mBid Exists (0.4ms)[0m  [1m[34mSELECT  1 AS one FROM "bids" WHERE "bids"."item_id" = $1 LIMIT $2[0m  [["item_id", 5], ["LIMIT", 1]]
  ↳ app/models/item.rb:9
  Rendered items/index.html.erb within layouts/application (15.3ms)
Completed 200 OK in 64ms (Views: 58.9ms | ActiveRecord: 2.7ms)


Started GET "/items/1" for 127.0.0.1 at 2018-05-25 19:17:55 -0400
Processing by ItemsController#show as HTML
  Parameters: {"id"=>"1"}
  [1m[36mItem Load (9.1ms)[0m  [1m[34mSELECT  "items".* FROM "items" WHERE "items"."id" = $1 LIMIT $2[0m  [["id", 1], ["LIMIT", 1]]
  ↳ app/controllers/items_controller.rb:44
  [1m[36mBid Exists (1.7ms)[0m  [1m[34mSELECT  1 AS one FROM "bids" WHERE "bids"."item_id" = $1 LIMIT $2[0m  [["item_id", 1], ["LIMIT", 1]]
  ↳ app/models/item.rb:9
  Rendering items/show.html.erb within layouts/application
  [1m[36mCACHE Bid Exists (0.0ms)[0m  [1m[34mSELECT  1 AS one FROM "bids" WHERE "bids"."item_id" = $1 LIMIT $2[0m  [["item_id", 1], ["LIMIT", 1]]
  ↳ app/models/item.rb:9
  Rendered items/show.html.erb within layouts/application (104.0ms)
Completed 200 OK in 293ms (Views: 267.5ms | ActiveRecord: 10.9ms)


Started GET "/items/1" for 127.0.0.1 at 2018-05-25 19:19:51 -0400
Processing by ItemsController#show as HTML
  Parameters: {"id"=>"1"}
  [1m[36mItem Load (0.5ms)[0m  [1m[34mSELECT  "items".* FROM "items" WHERE "items"."id" = $1 LIMIT $2[0m  [["id", 1], ["LIMIT", 1]]
  ↳ app/controllers/items_controller.rb:44
  [1m[36mBid Exists (0.5ms)[0m  [1m[34mSELECT  1 AS one FROM "bids" WHERE "bids"."item_id" = $1 LIMIT $2[0m  [["item_id", 1], ["LIMIT", 1]]
  ↳ app/models/item.rb:9
  Rendering items/show.html.erb within layouts/application
  [1m[36mCACHE Bid Exists (0.0ms)[0m  [1m[34mSELECT  1 AS one FROM "bids" WHERE "bids"."item_id" = $1 LIMIT $2[0m  [["item_id", 1], ["LIMIT", 1]]
  ↳ app/models/item.rb:9
  Rendered items/show.html.erb within layouts/application (5.2ms)
Completed 200 OK in 202ms (Views: 67.2ms | ActiveRecord: 59.2ms)


Started POST "/bids" for 127.0.0.1 at 2018-05-25 19:19:56 -0400
Processing by BidsController#create as HTML
  Parameters: {"utf8"=>"✓", "authenticity_token"=>"cx2iWDjq6bS4hEo0dBKh4i2no3jz+82aHSzZjy9Zp5tWyx1eJLvCIpgjeowNBOy0fq/EfDH4tz6JpiU+SwRQfQ==", "bid"=>{"item_id"=>"1", "amount"=>"5000.0"}, "commit"=>"Bid!"}
Completed 500 Internal Server Error in 10ms (ActiveRecord: 0.0ms)


  
NoMethodError (undefined method `pry' for #<Binding:0x00007f823c3c7a88>
Did you mean?  try):
  
app/controllers/bids_controller.rb:4:in `create'
Started GET "/" for 127.0.0.1 at 2018-05-25 19:24:31 -0400
  [1m[35m (43.0ms)[0m  [1m[34mSELECT "schema_migrations"."version" FROM "schema_migrations" ORDER BY "schema_migrations"."version" ASC[0m
  ↳ /Users/amygori/.rbenv/versions/2.5.0/lib/ruby/gems/2.5.0/gems/activerecord-5.2.0/lib/active_record/log_subscriber.rb:98
Processing by ItemsController#index as HTML
  Rendering items/index.html.erb within layouts/application
  [1m[36mItem Load (0.6ms)[0m  [1m[34mSELECT "items".* FROM "items"[0m
  ↳ app/views/items/index.html.erb:18
  [1m[36mBid Exists (0.9ms)[0m  [1m[34mSELECT  1 AS one FROM "bids" WHERE "bids"."item_id" = $1 LIMIT $2[0m  [["item_id", 1], ["LIMIT", 1]]
  ↳ app/models/item.rb:9
  [1m[36mBid Exists (0.3ms)[0m  [1m[34mSELECT  1 AS one FROM "bids" WHERE "bids"."item_id" = $1 LIMIT $2[0m  [["item_id", 2], ["LIMIT", 1]]
  ↳ app/models/item.rb:9
  [1m[36mBid Exists (0.3ms)[0m  [1m[34mSELECT  1 AS one FROM "bids" WHERE "bids"."item_id" = $1 LIMIT $2[0m  [["item_id", 3], ["LIMIT", 1]]
  ↳ app/models/item.rb:9
  [1m[36mBid Exists (0.4ms)[0m  [1m[34mSELECT  1 AS one FROM "bids" WHERE "bids"."item_id" = $1 LIMIT $2[0m  [["item_id", 4], ["LIMIT", 1]]
  ↳ app/models/item.rb:9
  [1m[36mBid Exists (0.4ms)[0m  [1m[34mSELECT  1 AS one FROM "bids" WHERE "bids"."item_id" = $1 LIMIT $2[0m  [["item_id", 5], ["LIMIT", 1]]
  ↳ app/models/item.rb:9
  Rendered items/index.html.erb within layouts/application (63.0ms)
Completed 200 OK in 473ms (Views: 445.6ms | ActiveRecord: 9.4ms)


Started GET "/items/1" for 127.0.0.1 at 2018-05-25 19:24:35 -0400
Processing by ItemsController#show as HTML
  Parameters: {"id"=>"1"}
  [1m[36mItem Load (76.4ms)[0m  [1m[34mSELECT  "items".* FROM "items" WHERE "items"."id" = $1 LIMIT $2[0m  [["id", 1], ["LIMIT", 1]]
  ↳ app/controllers/items_controller.rb:44
  [1m[36mBid Exists (2.2ms)[0m  [1m[34mSELECT  1 AS one FROM "bids" WHERE "bids"."item_id" = $1 LIMIT $2[0m  [["item_id", 1], ["LIMIT", 1]]
  ↳ app/models/item.rb:9
  Rendering items/show.html.erb within layouts/application
  [1m[36mCACHE Bid Exists (0.0ms)[0m  [1m[34mSELECT  1 AS one FROM "bids" WHERE "bids"."item_id" = $1 LIMIT $2[0m  [["item_id", 1], ["LIMIT", 1]]
  ↳ app/models/item.rb:9
  Rendered items/show.html.erb within layouts/application (11.7ms)
Completed 200 OK in 314ms (Views: 64.6ms | ActiveRecord: 222.2ms)


Started GET "/items/1" for 127.0.0.1 at 2018-05-25 19:25:27 -0400
  [1m[35m (0.6ms)[0m  [1m[34mSELECT "schema_migrations"."version" FROM "schema_migrations" ORDER BY "schema_migrations"."version" ASC[0m
  ↳ /Users/amygori/.rbenv/versions/2.5.0/lib/ruby/gems/2.5.0/gems/activerecord-5.2.0/lib/active_record/log_subscriber.rb:98
Processing by ItemsController#show as HTML
  Parameters: {"id"=>"1"}
  [1m[36mItem Load (0.6ms)[0m  [1m[34mSELECT  "items".* FROM "items" WHERE "items"."id" = $1 LIMIT $2[0m  [["id", 1], ["LIMIT", 1]]
  ↳ app/controllers/items_controller.rb:44
  [1m[36mBid Exists (0.6ms)[0m  [1m[34mSELECT  1 AS one FROM "bids" WHERE "bids"."item_id" = $1 LIMIT $2[0m  [["item_id", 1], ["LIMIT", 1]]
  ↳ app/models/item.rb:9
  Rendering items/show.html.erb within layouts/application
  [1m[36mBid Exists (0.3ms)[0m  [1m[34mSELECT  1 AS one FROM "bids" WHERE "bids"."item_id" = $1 LIMIT $2[0m  [["item_id", 1], ["LIMIT", 1]]
  ↳ app/models/item.rb:9
  Rendered items/show.html.erb within layouts/application (22.0ms)
Completed 200 OK in 444ms (Views: 355.4ms | ActiveRecord: 11.0ms)


Started POST "/bids" for 127.0.0.1 at 2018-05-25 19:25:53 -0400
Processing by BidsController#create as HTML
  Parameters: {"utf8"=>"✓", "authenticity_token"=>"mGSf2s8+moWzwWIZYH7/ouZrOTQ4GhGELn+ZQ9JHIji9siDc02+xE5NmUqEZaLL0tWNeMPoZayC69WXythrV3g==", "bid"=>{"item_id"=>"1", "amount"=>"5000.0"}, "commit"=>"Bid!"}
  [1m[35m (0.3ms)[0m  [1m[35mBEGIN[0m
  ↳ app/controllers/bids_controller.rb:6
  [1m[36mItem Load (0.4ms)[0m  [1m[34mSELECT  "items".* FROM "items" WHERE "items"."id" = $1 LIMIT $2[0m  [["id", 1], ["LIMIT", 1]]
  ↳ app/controllers/bids_controller.rb:6
  [1m[36mBid Exists (0.8ms)[0m  [1m[34mSELECT  1 AS one FROM "bids" WHERE "bids"."item_id" = $1 LIMIT $2[0m  [["item_id", 1], ["LIMIT", 1]]
  ↳ app/models/item.rb:9
  [1m[36mBid Create (57.3ms)[0m  [1m[32mINSERT INTO "bids" ("item_id", "amount", "created_at", "updated_at") VALUES ($1, $2, $3, $4) RETURNING "id"[0m  [["item_id", 1], ["amount", "5000.0"], ["created_at", "2018-05-25 23:26:06.193152"], ["updated_at", "2018-05-25 23:26:06.193152"]]
  ↳ app/controllers/bids_controller.rb:6
  [1m[35m (0.7ms)[0m  [1m[35mCOMMIT[0m
  ↳ app/controllers/bids_controller.rb:6
Redirected to http://localhost:3000/items/1
Completed 302 Found in 12545ms (ActiveRecord: 59.7ms)


Started GET "/items/1" for 127.0.0.1 at 2018-05-25 19:26:06 -0400
Processing by ItemsController#show as HTML
  Parameters: {"id"=>"1"}
  [1m[36mItem Load (0.4ms)[0m  [1m[34mSELECT  "items".* FROM "items" WHERE "items"."id" = $1 LIMIT $2[0m  [["id", 1], ["LIMIT", 1]]
  ↳ app/controllers/items_controller.rb:44
  [1m[36mBid Exists (0.6ms)[0m  [1m[34mSELECT  1 AS one FROM "bids" WHERE "bids"."item_id" = $1 LIMIT $2[0m  [["item_id", 1], ["LIMIT", 1]]
  ↳ app/models/item.rb:9
  [1m[36mBid Load (47.4ms)[0m  [1m[34mSELECT  "bids".* FROM "bids" WHERE "bids"."item_id" = $1 ORDER BY "bids"."amount" DESC LIMIT $2[0m  [["item_id", 1], ["LIMIT", 1]]
  ↳ app/models/item.rb:10
  Rendering items/show.html.erb within layouts/application
  [1m[36mCACHE Bid Exists (0.0ms)[0m  [1m[34mSELECT  1 AS one FROM "bids" WHERE "bids"."item_id" = $1 LIMIT $2[0m  [["item_id", 1], ["LIMIT", 1]]
  ↳ app/models/item.rb:9
  [1m[36mCACHE Bid Load (0.0ms)[0m  [1m[34mSELECT  "bids".* FROM "bids" WHERE "bids"."item_id" = $1 ORDER BY "bids"."amount" DESC LIMIT $2[0m  [["item_id", 1], ["LIMIT", 1]]
  ↳ app/models/item.rb:10
  Rendered items/show.html.erb within layouts/application (10.4ms)
Completed 200 OK in 143ms (Views: 83.9ms | ActiveRecord: 48.4ms)


Started GET "/items" for 127.0.0.1 at 2018-05-25 19:27:11 -0400
Started GET "/items" for 127.0.0.1 at 2018-05-25 19:27:21 -0400
Processing by ItemsController#index as HTML
  Rendering items/index.html.erb within layouts/application
  [1m[36mItem Load (0.5ms)[0m  [1m[34mSELECT "items".* FROM "items"[0m
  ↳ app/views/items/index.html.erb:18
  [1m[36mBid Exists (0.8ms)[0m  [1m[34mSELECT  1 AS one FROM "bids" WHERE "bids"."item_id" = $1 LIMIT $2[0m  [["item_id", 1], ["LIMIT", 1]]
  ↳ app/models/item.rb:9
  [1m[36mBid Load (0.4ms)[0m  [1m[34mSELECT  "bids".* FROM "bids" WHERE "bids"."item_id" = $1 ORDER BY "bids"."amount" DESC LIMIT $2[0m  [["item_id", 1], ["LIMIT", 1]]
  ↳ app/models/item.rb:10
  [1m[36mBid Exists (0.4ms)[0m  [1m[34mSELECT  1 AS one FROM "bids" WHERE "bids"."item_id" = $1 LIMIT $2[0m  [["item_id", 2], ["LIMIT", 1]]
  ↳ app/models/item.rb:9
  [1m[36mBid Exists (0.3ms)[0m  [1m[34mSELECT  1 AS one FROM "bids" WHERE "bids"."item_id" = $1 LIMIT $2[0m  [["item_id", 3], ["LIMIT", 1]]
  ↳ app/models/item.rb:9
  [1m[36mBid Exists (0.3ms)[0m  [1m[34mSELECT  1 AS one FROM "bids" WHERE "bids"."item_id" = $1 LIMIT $2[0m  [["item_id", 4], ["LIMIT", 1]]
  ↳ app/models/item.rb:9
  [1m[36mBid Exists (0.5ms)[0m  [1m[34mSELECT  1 AS one FROM "bids" WHERE "bids"."item_id" = $1 LIMIT $2[0m  [["item_id", 5], ["LIMIT", 1]]
  ↳ app/models/item.rb:9
  Rendered items/index.html.erb within layouts/application (51.4ms)
Completed 200 OK in 101ms (Views: 79.3ms | ActiveRecord: 15.6ms)


Processing by ItemsController#index as HTML
  Rendering items/index.html.erb within layouts/application
  [1m[36mItem Load (0.4ms)[0m  [1m[34mSELECT "items".* FROM "items"[0m
  ↳ app/views/items/index.html.erb:18
  [1m[36mBid Exists (0.6ms)[0m  [1m[34mSELECT  1 AS one FROM "bids" WHERE "bids"."item_id" = $1 LIMIT $2[0m  [["item_id", 1], ["LIMIT", 1]]
  ↳ app/models/item.rb:9
  [1m[36mBid Load (0.6ms)[0m  [1m[34mSELECT  "bids".* FROM "bids" WHERE "bids"."item_id" = $1 ORDER BY "bids"."amount" DESC LIMIT $2[0m  [["item_id", 1], ["LIMIT", 1]]
  ↳ app/models/item.rb:10
  [1m[36mBid Exists (0.4ms)[0m  [1m[34mSELECT  1 AS one FROM "bids" WHERE "bids"."item_id" = $1 LIMIT $2[0m  [["item_id", 2], ["LIMIT", 1]]
  ↳ app/models/item.rb:9
  [1m[36mBid Exists (0.5ms)[0m  [1m[34mSELECT  1 AS one FROM "bids" WHERE "bids"."item_id" = $1 LIMIT $2[0m  [["item_id", 3], ["LIMIT", 1]]
  ↳ app/models/item.rb:9
  [1m[36mBid Exists (0.3ms)[0m  [1m[34mSELECT  1 AS one FROM "bids" WHERE "bids"."item_id" = $1 LIMIT $2[0m  [["item_id", 4], ["LIMIT", 1]]
  ↳ app/models/item.rb:9
  [1m[36mBid Exists (0.5ms)[0m  [1m[34mSELECT  1 AS one FROM "bids" WHERE "bids"."item_id" = $1 LIMIT $2[0m  [["item_id", 5], ["LIMIT", 1]]
  ↳ app/models/item.rb:9
  Rendered items/index.html.erb within layouts/application (49.5ms)
Completed 200 OK in 95ms (Views: 75.5ms | ActiveRecord: 13.9ms)


Started GET "/items/1/edit" for 127.0.0.1 at 2018-05-25 19:27:24 -0400
Processing by ItemsController#edit as HTML
  Parameters: {"id"=>"1"}
  [1m[36mItem Load (0.4ms)[0m  [1m[34mSELECT  "items".* FROM "items" WHERE "items"."id" = $1 LIMIT $2[0m  [["id", 1], ["LIMIT", 1]]
  ↳ app/controllers/items_controller.rb:44
  Rendering items/edit.html.erb within layouts/application
  Rendered items/_form.html.erb (84.3ms)
  Rendered items/edit.html.erb within layouts/application (100.7ms)
Completed 200 OK in 267ms (Views: 259.1ms | ActiveRecord: 0.4ms)


Started PATCH "/items/1" for 127.0.0.1 at 2018-05-25 19:27:27 -0400
Processing by ItemsController#update as HTML
  Parameters: {"utf8"=>"✓", "authenticity_token"=>"anAxWqSC2w47G06S+Y15+Pmhs+Pgen5IqEkAHj6eoxgBnzKM8XQxEhGKSP1l+UCckXxqbVTKOQWL6i6jYpoccA==", "item"=>{"title"=>"Fuji from Inume Pass", "artist"=>"Katsushika Hokusai", "description"=>"Polychrome woodblock print; ink and color on paper", "starting_bid"=>"5000.0", "image_url"=>"https://images.metmuseum.org/CRDImages/as/web-large/DP141029.jpg"}, "commit"=>"Update Item", "id"=>"1"}
  [1m[36mItem Load (0.5ms)[0m  [1m[34mSELECT  "items".* FROM "items" WHERE "items"."id" = $1 LIMIT $2[0m  [["id", 1], ["LIMIT", 1]]
  ↳ app/controllers/items_controller.rb:44
Unpermitted parameter: :artist
  [1m[35m (0.4ms)[0m  [1m[35mBEGIN[0m
  ↳ app/controllers/items_controller.rb:30
  [1m[35m (0.2ms)[0m  [1m[35mCOMMIT[0m
  ↳ app/controllers/items_controller.rb:30
Redirected to http://localhost:3000/items/1
Completed 302 Found in 9ms (ActiveRecord: 1.1ms)


Started GET "/items/1" for 127.0.0.1 at 2018-05-25 19:27:27 -0400
Processing by ItemsController#show as HTML
  Parameters: {"id"=>"1"}
  [1m[36mItem Load (0.4ms)[0m  [1m[34mSELECT  "items".* FROM "items" WHERE "items"."id" = $1 LIMIT $2[0m  [["id", 1], ["LIMIT", 1]]
  ↳ app/controllers/items_controller.rb:44
  [1m[36mBid Exists (0.5ms)[0m  [1m[34mSELECT  1 AS one FROM "bids" WHERE "bids"."item_id" = $1 LIMIT $2[0m  [["item_id", 1], ["LIMIT", 1]]
  ↳ app/models/item.rb:9
  [1m[36mBid Load (0.4ms)[0m  [1m[34mSELECT  "bids".* FROM "bids" WHERE "bids"."item_id" = $1 ORDER BY "bids"."amount" DESC LIMIT $2[0m  [["item_id", 1], ["LIMIT", 1]]
  ↳ app/models/item.rb:10
  Rendering items/show.html.erb within layouts/application
  [1m[36mCACHE Bid Exists (0.0ms)[0m  [1m[34mSELECT  1 AS one FROM "bids" WHERE "bids"."item_id" = $1 LIMIT $2[0m  [["item_id", 1], ["LIMIT", 1]]
  ↳ app/models/item.rb:9
  [1m[36mCACHE Bid Load (0.0ms)[0m  [1m[34mSELECT  "bids".* FROM "bids" WHERE "bids"."item_id" = $1 ORDER BY "bids"."amount" DESC LIMIT $2[0m  [["item_id", 1], ["LIMIT", 1]]
  ↳ app/models/item.rb:10
  Rendered items/show.html.erb within layouts/application (11.0ms)
Completed 200 OK in 104ms (Views: 89.8ms | ActiveRecord: 1.4ms)


Started GET "/items" for 127.0.0.1 at 2018-05-25 19:27:32 -0400
Processing by ItemsController#index as HTML
  Rendering items/index.html.erb within layouts/application
  [1m[36mItem Load (0.4ms)[0m  [1m[34mSELECT "items".* FROM "items"[0m
  ↳ app/views/items/index.html.erb:18
  [1m[36mBid Exists (0.4ms)[0m  [1m[34mSELECT  1 AS one FROM "bids" WHERE "bids"."item_id" = $1 LIMIT $2[0m  [["item_id", 1], ["LIMIT", 1]]
  ↳ app/models/item.rb:9
  [1m[36mBid Load (20.4ms)[0m  [1m[34mSELECT  "bids".* FROM "bids" WHERE "bids"."item_id" = $1 ORDER BY "bids"."amount" DESC LIMIT $2[0m  [["item_id", 1], ["LIMIT", 1]]
  ↳ app/models/item.rb:10
  [1m[36mBid Exists (14.8ms)[0m  [1m[34mSELECT  1 AS one FROM "bids" WHERE "bids"."item_id" = $1 LIMIT $2[0m  [["item_id", 2], ["LIMIT", 1]]
  ↳ app/models/item.rb:9
  [1m[36mBid Exists (1.7ms)[0m  [1m[34mSELECT  1 AS one FROM "bids" WHERE "bids"."item_id" = $1 LIMIT $2[0m  [["item_id", 3], ["LIMIT", 1]]
  ↳ app/models/item.rb:9
  [1m[36mBid Exists (0.6ms)[0m  [1m[34mSELECT  1 AS one FROM "bids" WHERE "bids"."item_id" = $1 LIMIT $2[0m  [["item_id", 4], ["LIMIT", 1]]
  ↳ app/models/item.rb:9
  [1m[36mBid Exists (0.4ms)[0m  [1m[34mSELECT  1 AS one FROM "bids" WHERE "bids"."item_id" = $1 LIMIT $2[0m  [["item_id", 5], ["LIMIT", 1]]
  ↳ app/models/item.rb:9
  Rendered items/index.html.erb within layouts/application (66.6ms)
Completed 200 OK in 296ms (Views: 253.5ms | ActiveRecord: 38.6ms)


Started GET "/items/4" for 127.0.0.1 at 2018-05-25 19:27:35 -0400
Processing by ItemsController#show as HTML
  Parameters: {"id"=>"4"}
  [1m[36mItem Load (0.4ms)[0m  [1m[34mSELECT  "items".* FROM "items" WHERE "items"."id" = $1 LIMIT $2[0m  [["id", 4], ["LIMIT", 1]]
  ↳ app/controllers/items_controller.rb:44
  [1m[36mBid Exists (0.3ms)[0m  [1m[34mSELECT  1 AS one FROM "bids" WHERE "bids"."item_id" = $1 LIMIT $2[0m  [["item_id", 4], ["LIMIT", 1]]
  ↳ app/models/item.rb:9
  Rendering items/show.html.erb within layouts/application
  [1m[36mCACHE Bid Exists (0.0ms)[0m  [1m[34mSELECT  1 AS one FROM "bids" WHERE "bids"."item_id" = $1 LIMIT $2[0m  [["item_id", 4], ["LIMIT", 1]]
  ↳ app/models/item.rb:9
  Rendered items/show.html.erb within layouts/application (13.5ms)
Completed 200 OK in 208ms (Views: 201.7ms | ActiveRecord: 0.8ms)


Started GET "/items" for 127.0.0.1 at 2018-05-25 19:27:42 -0400
Processing by ItemsController#index as HTML
  Rendering items/index.html.erb within layouts/application
  [1m[36mItem Load (36.7ms)[0m  [1m[34mSELECT "items".* FROM "items"[0m
  ↳ app/views/items/index.html.erb:18
  [1m[36mBid Exists (1.3ms)[0m  [1m[34mSELECT  1 AS one FROM "bids" WHERE "bids"."item_id" = $1 LIMIT $2[0m  [["item_id", 1], ["LIMIT", 1]]
  ↳ app/models/item.rb:9
  [1m[36mBid Load (2.9ms)[0m  [1m[34mSELECT  "bids".* FROM "bids" WHERE "bids"."item_id" = $1 ORDER BY "bids"."amount" DESC LIMIT $2[0m  [["item_id", 1], ["LIMIT", 1]]
  ↳ app/models/item.rb:10
  [1m[36mBid Exists (0.7ms)[0m  [1m[34mSELECT  1 AS one FROM "bids" WHERE "bids"."item_id" = $1 LIMIT $2[0m  [["item_id", 2], ["LIMIT", 1]]
  ↳ app/models/item.rb:9
  [1m[36mBid Exists (1.4ms)[0m  [1m[34mSELECT  1 AS one FROM "bids" WHERE "bids"."item_id" = $1 LIMIT $2[0m  [["item_id", 3], ["LIMIT", 1]]
  ↳ app/models/item.rb:9
  [1m[36mBid Exists (1.7ms)[0m  [1m[34mSELECT  1 AS one FROM "bids" WHERE "bids"."item_id" = $1 LIMIT $2[0m  [["item_id", 4], ["LIMIT", 1]]
  ↳ app/models/item.rb:9
  [1m[36mBid Exists (1.1ms)[0m  [1m[34mSELECT  1 AS one FROM "bids" WHERE "bids"."item_id" = $1 LIMIT $2[0m  [["item_id", 5], ["LIMIT", 1]]
  ↳ app/models/item.rb:9
  Rendered items/index.html.erb within layouts/application (107.3ms)
Completed 200 OK in 330ms (Views: 280.4ms | ActiveRecord: 45.8ms)


Started GET "/items/5" for 127.0.0.1 at 2018-05-25 19:27:45 -0400
Processing by ItemsController#show as HTML
  Parameters: {"id"=>"5"}
  [1m[36mItem Load (0.4ms)[0m  [1m[34mSELECT  "items".* FROM "items" WHERE "items"."id" = $1 LIMIT $2[0m  [["id", 5], ["LIMIT", 1]]
  ↳ app/controllers/items_controller.rb:44
  [1m[36mBid Exists (0.4ms)[0m  [1m[34mSELECT  1 AS one FROM "bids" WHERE "bids"."item_id" = $1 LIMIT $2[0m  [["item_id", 5], ["LIMIT", 1]]
  ↳ app/models/item.rb:9
  Rendering items/show.html.erb within layouts/application
  [1m[36mCACHE Bid Exists (0.0ms)[0m  [1m[34mSELECT  1 AS one FROM "bids" WHERE "bids"."item_id" = $1 LIMIT $2[0m  [["item_id", 5], ["LIMIT", 1]]
  ↳ app/models/item.rb:9
  Rendered items/show.html.erb within layouts/application (8.9ms)
Completed 200 OK in 339ms (Views: 332.0ms | ActiveRecord: 0.8ms)


Started GET "/items" for 127.0.0.1 at 2018-05-25 19:27:49 -0400
Processing by ItemsController#index as HTML
  Rendering items/index.html.erb within layouts/application
  [1m[36mItem Load (59.3ms)[0m  [1m[34mSELECT "items".* FROM "items"[0m
  ↳ app/views/items/index.html.erb:18
  [1m[36mBid Exists (0.7ms)[0m  [1m[34mSELECT  1 AS one FROM "bids" WHERE "bids"."item_id" = $1 LIMIT $2[0m  [["item_id", 1], ["LIMIT", 1]]
  ↳ app/models/item.rb:9
  [1m[36mBid Load (0.8ms)[0m  [1m[34mSELECT  "bids".* FROM "bids" WHERE "bids"."item_id" = $1 ORDER BY "bids"."amount" DESC LIMIT $2[0m  [["item_id", 1], ["LIMIT", 1]]
  ↳ app/models/item.rb:10
  [1m[36mBid Exists (0.6ms)[0m  [1m[34mSELECT  1 AS one FROM "bids" WHERE "bids"."item_id" = $1 LIMIT $2[0m  [["item_id", 2], ["LIMIT", 1]]
  ↳ app/models/item.rb:9
  [1m[36mBid Exists (0.6ms)[0m  [1m[34mSELECT  1 AS one FROM "bids" WHERE "bids"."item_id" = $1 LIMIT $2[0m  [["item_id", 3], ["LIMIT", 1]]
  ↳ app/models/item.rb:9
  [1m[36mBid Exists (0.4ms)[0m  [1m[34mSELECT  1 AS one FROM "bids" WHERE "bids"."item_id" = $1 LIMIT $2[0m  [["item_id", 4], ["LIMIT", 1]]
  ↳ app/models/item.rb:9
  [1m[36mBid Exists (0.7ms)[0m  [1m[34mSELECT  1 AS one FROM "bids" WHERE "bids"."item_id" = $1 LIMIT $2[0m  [["item_id", 5], ["LIMIT", 1]]
  ↳ app/models/item.rb:9
  Rendered items/index.html.erb within layouts/application (86.5ms)
Completed 200 OK in 160ms (Views: 85.0ms | ActiveRecord: 63.1ms)


Started GET "/items/2" for 127.0.0.1 at 2018-05-25 19:27:54 -0400
Processing by ItemsController#show as HTML
  Parameters: {"id"=>"2"}
  [1m[36mItem Load (0.4ms)[0m  [1m[34mSELECT  "items".* FROM "items" WHERE "items"."id" = $1 LIMIT $2[0m  [["id", 2], ["LIMIT", 1]]
  ↳ app/controllers/items_controller.rb:44
  [1m[36mBid Exists (0.5ms)[0m  [1m[34mSELECT  1 AS one FROM "bids" WHERE "bids"."item_id" = $1 LIMIT $2[0m  [["item_id", 2], ["LIMIT", 1]]
  ↳ app/models/item.rb:9
  Rendering items/show.html.erb within layouts/application
  [1m[36mCACHE Bid Exists (0.0ms)[0m  [1m[34mSELECT  1 AS one FROM "bids" WHERE "bids"."item_id" = $1 LIMIT $2[0m  [["item_id", 2], ["LIMIT", 1]]
  ↳ app/models/item.rb:9
  Rendered items/show.html.erb within layouts/application (10.3ms)
Completed 200 OK in 235ms (Views: 227.9ms | ActiveRecord: 1.0ms)


Started GET "/items/3" for 127.0.0.1 at 2018-05-25 19:28:03 -0400
Processing by ItemsController#show as HTML
  Parameters: {"id"=>"3"}
  [1m[36mItem Load (0.5ms)[0m  [1m[34mSELECT  "items".* FROM "items" WHERE "items"."id" = $1 LIMIT $2[0m  [["id", 3], ["LIMIT", 1]]
  ↳ app/controllers/items_controller.rb:44
  [1m[36mBid Exists (0.3ms)[0m  [1m[34mSELECT  1 AS one FROM "bids" WHERE "bids"."item_id" = $1 LIMIT $2[0m  [["item_id", 3], ["LIMIT", 1]]
  ↳ app/models/item.rb:9
  Rendering items/show.html.erb within layouts/application
  [1m[36mCACHE Bid Exists (0.0ms)[0m  [1m[34mSELECT  1 AS one FROM "bids" WHERE "bids"."item_id" = $1 LIMIT $2[0m  [["item_id", 3], ["LIMIT", 1]]
  ↳ app/models/item.rb:9
  Rendered items/show.html.erb within layouts/application (4.9ms)
Completed 200 OK in 140ms (Views: 130.9ms | ActiveRecord: 0.9ms)


